<?xml version="1.0" encoding="UTF-8"?>
<testsuite name="io.realworld.TestMainVerticle" tests="1" skipped="0" failures="0" errors="0" timestamp="2023-02-22T13:46:04" hostname="yazi-machrwx9" time="0.296">
  <properties/>
  <testcase name="verticle_deployed(Vertx, VertxTestContext)" classname="io.realworld.TestMainVerticle" time="0.296"/>
  <system-out><![CDATA[]]></system-out>
  <system-err><![CDATA[]]></system-err>
</testsuite>
